[     247ms] [ERROR] WebSocket connection to 'ws://localhost:6001/app/55c3533a400a1d382c83a66fd6ce2e5389f07a144775eb8b71ec424800bcfd65?protocol=7&client=js&version=8.3.0&flash=false' failed: Error during WebSocket handshake: net::ERR_CONNECTION_RESET @ http://localhost:8000/js/pusher.js:8
[    2184ms] [ERROR] WebSocket connection to 'wss://localhost:6001/app/55c3533a400a1d382c83a66fd6ce2e5389f07a144775eb8b71ec424800bcfd65?protocol=7&client=js&version=8.3.0&flash=false' failed: Error in connection establishment: net::ERR_CONNECTION_RESET @ http://localhost:8000/js/pusher.js:8
[    9484ms] [ERROR] WebSocket connection to 'ws://localhost:6001/app/55c3533a400a1d382c83a66fd6ce2e5389f07a144775eb8b71ec424800bcfd65?protocol=7&client=js&version=8.3.0&flash=false' failed: Error during WebSocket handshake: net::ERR_CONNECTION_RESET @ http://localhost:8000/js/pusher.js:8
[   11454ms] [ERROR] WebSocket connection to 'wss://localhost:6001/app/55c3533a400a1d382c83a66fd6ce2e5389f07a144775eb8b71ec424800bcfd65?protocol=7&client=js&version=8.3.0&flash=false' failed: Error in connection establishment: net::ERR_CONNECTION_RESET @ http://localhost:8000/js/pusher.js:8
[   19447ms] [ERROR] Coolify could not connect to its real-time service. This will cause unusual problems on the UI if not fixed! Please check the related documentation (https://coolify.io/docs/knowledge-base/cloudflare/tunnels/overview) or get help on Discord (https://coollabs.io/discord).) @ :27
[   21447ms] [ERROR] Coolify could not connect to its real-time service. This will cause unusual problems on the UI if not fixed! Please check the related documentation (https://coolify.io/docs/knowledge-base/cloudflare/tunnels/overview) or get help on Discord (https://coollabs.io/discord).) @ :27
[   23447ms] [ERROR] Coolify could not connect to its real-time service. This will cause unusual problems on the UI if not fixed! Please check the related documentation (https://coolify.io/docs/knowledge-base/cloudflare/tunnels/overview) or get help on Discord (https://coollabs.io/discord).) @ :27
[   24445ms] [ERROR] WebSocket connection to 'ws://localhost:6001/app/55c3533a400a1d382c83a66fd6ce2e5389f07a144775eb8b71ec424800bcfd65?protocol=7&client=js&version=8.3.0&flash=false' failed: Error during WebSocket handshake: net::ERR_CONNECTION_RESET @ http://localhost:8000/js/pusher.js:8
[   25447ms] [ERROR] Coolify could not connect to its real-time service. This will cause unusual problems on the UI if not fixed! Please check the related documentation (https://coolify.io/docs/knowledge-base/cloudflare/tunnels/overview) or get help on Discord (https://coollabs.io/discord).) @ :27
[   26456ms] [ERROR] WebSocket connection to 'wss://localhost:6001/app/55c3533a400a1d382c83a66fd6ce2e5389f07a144775eb8b71ec424800bcfd65?protocol=7&client=js&version=8.3.0&flash=false' failed: Error in connection establishment: net::ERR_CONNECTION_RESET @ http://localhost:8000/js/pusher.js:8
[   27447ms] [ERROR] Coolify could not connect to its real-time service. This will cause unusual problems on the UI if not fixed! Please check the related documentation (https://coolify.io/docs/knowledge-base/cloudflare/tunnels/overview) or get help on Discord (https://coollabs.io/discord).) @ :27
[   29447ms] [ERROR] Coolify could not connect to its real-time service. This will cause unusual problems on the UI if not fixed! Please check the related documentation (https://coolify.io/docs/knowledge-base/cloudflare/tunnels/overview) or get help on Discord (https://coollabs.io/discord).) @ :27
[   31447ms] [ERROR] Coolify could not connect to its real-time service. This will cause unusual problems on the UI if not fixed! Please check the related documentation (https://coolify.io/docs/knowledge-base/cloudflare/tunnels/overview) or get help on Discord (https://coollabs.io/discord).) @ :27
[   33447ms] [ERROR] Coolify could not connect to its real-time service. This will cause unusual problems on the UI if not fixed! Please check the related documentation (https://coolify.io/docs/knowledge-base/cloudflare/tunnels/overview) or get help on Discord (https://coollabs.io/discord).) @ :27
[   35447ms] [ERROR] Coolify could not connect to its real-time service. This will cause unusual problems on the UI if not fixed! Please check the related documentation (https://coolify.io/docs/knowledge-base/cloudflare/tunnels/overview) or get help on Discord (https://coollabs.io/discord).) @ :27
[   37447ms] [ERROR] Coolify could not connect to its real-time service. This will cause unusual problems on the UI if not fixed! Please check the related documentation (https://coolify.io/docs/knowledge-base/cloudflare/tunnels/overview) or get help on Discord (https://coollabs.io/discord).) @ :27
[   39447ms] [ERROR] Coolify could not connect to its real-time service. This will cause unusual problems on the UI if not fixed! Please check the related documentation (https://coolify.io/docs/knowledge-base/cloudflare/tunnels/overview) or get help on Discord (https://coollabs.io/discord).) @ :27
[   41447ms] [ERROR] Coolify could not connect to its real-time service. This will cause unusual problems on the UI if not fixed! Please check the related documentation (https://coolify.io/docs/knowledge-base/cloudflare/tunnels/overview) or get help on Discord (https://coollabs.io/discord).) @ :27
[   43447ms] [ERROR] Coolify could not connect to its real-time service. This will cause unusual problems on the UI if not fixed! Please check the related documentation (https://coolify.io/docs/knowledge-base/cloudflare/tunnels/overview) or get help on Discord (https://coollabs.io/discord).) @ :27
[   45447ms] [ERROR] Coolify could not connect to its real-time service. This will cause unusual problems on the UI if not fixed! Please check the related documentation (https://coolify.io/docs/knowledge-base/cloudflare/tunnels/overview) or get help on Discord (https://coollabs.io/discord).) @ :27
[   47447ms] [ERROR] Coolify could not connect to its real-time service. This will cause unusual problems on the UI if not fixed! Please check the related documentation (https://coolify.io/docs/knowledge-base/cloudflare/tunnels/overview) or get help on Discord (https://coollabs.io/discord).) @ :27
[   49447ms] [ERROR] Coolify could not connect to its real-time service. This will cause unusual problems on the UI if not fixed! Please check the related documentation (https://coolify.io/docs/knowledge-base/cloudflare/tunnels/overview) or get help on Discord (https://coollabs.io/discord).) @ :27
