[     199ms] [ERROR] WebSocket connection to 'ws://localhost:6001/app/55c3533a400a1d382c83a66fd6ce2e5389f07a144775eb8b71ec424800bcfd65?protocol=7&client=js&version=8.3.0&flash=false' failed: Error during WebSocket handshake: net::ERR_CONNECTION_RESET @ http://localhost:8000/js/pusher.js:8
[    2196ms] [ERROR] WebSocket connection to 'wss://localhost:6001/app/55c3533a400a1d382c83a66fd6ce2e5389f07a144775eb8b71ec424800bcfd65?protocol=7&client=js&version=8.3.0&flash=false' failed: Error in connection establishment: net::ERR_CONNECTION_RESET @ http://localhost:8000/js/pusher.js:8
[   10161ms] [ERROR] Coolify could not connect to its real-time service. This will cause unusual problems on the UI if not fixed! Please check the related documentation (https://coolify.io/docs/knowledge-base/cloudflare/tunnels/overview) or get help on Discord (https://coollabs.io/discord).) @ :27
[   12161ms] [ERROR] Coolify could not connect to its real-time service. This will cause unusual problems on the UI if not fixed! Please check the related documentation (https://coolify.io/docs/knowledge-base/cloudflare/tunnels/overview) or get help on Discord (https://coollabs.io/discord).) @ :27
[   14161ms] [ERROR] Coolify could not connect to its real-time service. This will cause unusual problems on the UI if not fixed! Please check the related documentation (https://coolify.io/docs/knowledge-base/cloudflare/tunnels/overview) or get help on Discord (https://coollabs.io/discord).) @ :27
[   15193ms] [ERROR] WebSocket connection to 'ws://localhost:6001/app/55c3533a400a1d382c83a66fd6ce2e5389f07a144775eb8b71ec424800bcfd65?protocol=7&client=js&version=8.3.0&flash=false' failed: Error during WebSocket handshake: net::ERR_CONNECTION_RESET @ http://localhost:8000/js/pusher.js:8
[   16161ms] [ERROR] Coolify could not connect to its real-time service. This will cause unusual problems on the UI if not fixed! Please check the related documentation (https://coolify.io/docs/knowledge-base/cloudflare/tunnels/overview) or get help on Discord (https://coollabs.io/discord).) @ :27
[   17244ms] [ERROR] WebSocket connection to 'wss://localhost:6001/app/55c3533a400a1d382c83a66fd6ce2e5389f07a144775eb8b71ec424800bcfd65?protocol=7&client=js&version=8.3.0&flash=false' failed: Error in connection establishment: net::ERR_CONNECTION_RESET @ http://localhost:8000/js/pusher.js:8
[   18161ms] [ERROR] Coolify could not connect to its real-time service. This will cause unusual problems on the UI if not fixed! Please check the related documentation (https://coolify.io/docs/knowledge-base/cloudflare/tunnels/overview) or get help on Discord (https://coollabs.io/discord).) @ :27
[   20161ms] [ERROR] Coolify could not connect to its real-time service. This will cause unusual problems on the UI if not fixed! Please check the related documentation (https://coolify.io/docs/knowledge-base/cloudflare/tunnels/overview) or get help on Discord (https://coollabs.io/discord).) @ :27
[   22161ms] [ERROR] Coolify could not connect to its real-time service. This will cause unusual problems on the UI if not fixed! Please check the related documentation (https://coolify.io/docs/knowledge-base/cloudflare/tunnels/overview) or get help on Discord (https://coollabs.io/discord).) @ :27
[   24161ms] [ERROR] Coolify could not connect to its real-time service. This will cause unusual problems on the UI if not fixed! Please check the related documentation (https://coolify.io/docs/knowledge-base/cloudflare/tunnels/overview) or get help on Discord (https://coollabs.io/discord).) @ :27
[   26161ms] [ERROR] Coolify could not connect to its real-time service. This will cause unusual problems on the UI if not fixed! Please check the related documentation (https://coolify.io/docs/knowledge-base/cloudflare/tunnels/overview) or get help on Discord (https://coollabs.io/discord).) @ :27
[   28161ms] [ERROR] Coolify could not connect to its real-time service. This will cause unusual problems on the UI if not fixed! Please check the related documentation (https://coolify.io/docs/knowledge-base/cloudflare/tunnels/overview) or get help on Discord (https://coollabs.io/discord).) @ :27
[   30161ms] [ERROR] Coolify could not connect to its real-time service. This will cause unusual problems on the UI if not fixed! Please check the related documentation (https://coolify.io/docs/knowledge-base/cloudflare/tunnels/overview) or get help on Discord (https://coollabs.io/discord).) @ :27
[   32161ms] [ERROR] Coolify could not connect to its real-time service. This will cause unusual problems on the UI if not fixed! Please check the related documentation (https://coolify.io/docs/knowledge-base/cloudflare/tunnels/overview) or get help on Discord (https://coollabs.io/discord).) @ :27
[   34161ms] [ERROR] Coolify could not connect to its real-time service. This will cause unusual problems on the UI if not fixed! Please check the related documentation (https://coolify.io/docs/knowledge-base/cloudflare/tunnels/overview) or get help on Discord (https://coollabs.io/discord).) @ :27
[   36161ms] [ERROR] Coolify could not connect to its real-time service. This will cause unusual problems on the UI if not fixed! Please check the related documentation (https://coolify.io/docs/knowledge-base/cloudflare/tunnels/overview) or get help on Discord (https://coollabs.io/discord).) @ :27
[   38161ms] [ERROR] Coolify could not connect to its real-time service. This will cause unusual problems on the UI if not fixed! Please check the related documentation (https://coolify.io/docs/knowledge-base/cloudflare/tunnels/overview) or get help on Discord (https://coollabs.io/discord).) @ :27
[   40161ms] [ERROR] Coolify could not connect to its real-time service. This will cause unusual problems on the UI if not fixed! Please check the related documentation (https://coolify.io/docs/knowledge-base/cloudflare/tunnels/overview) or get help on Discord (https://coollabs.io/discord).) @ :27
[   42161ms] [ERROR] Coolify could not connect to its real-time service. This will cause unusual problems on the UI if not fixed! Please check the related documentation (https://coolify.io/docs/knowledge-base/cloudflare/tunnels/overview) or get help on Discord (https://coollabs.io/discord).) @ :27
[   44161ms] [ERROR] Coolify could not connect to its real-time service. This will cause unusual problems on the UI if not fixed! Please check the related documentation (https://coolify.io/docs/knowledge-base/cloudflare/tunnels/overview) or get help on Discord (https://coollabs.io/discord).) @ :27
[   45731ms] [ERROR] WebSocket connection to 'ws://localhost:6001/app/55c3533a400a1d382c83a66fd6ce2e5389f07a144775eb8b71ec424800bcfd65?protocol=7&client=js&version=8.3.0&flash=false' failed: Error during WebSocket handshake: net::ERR_CONNECTION_RESET @ http://localhost:8000/js/pusher.js:8
[   46161ms] [ERROR] Coolify could not connect to its real-time service. This will cause unusual problems on the UI if not fixed! Please check the related documentation (https://coolify.io/docs/knowledge-base/cloudflare/tunnels/overview) or get help on Discord (https://coollabs.io/discord).) @ :27
[   47526ms] [ERROR] WebSocket connection to 'wss://localhost:6001/app/55c3533a400a1d382c83a66fd6ce2e5389f07a144775eb8b71ec424800bcfd65?protocol=7&client=js&version=8.3.0&flash=false' failed: Error in connection establishment: net::ERR_CONNECTION_RESET @ http://localhost:8000/js/pusher.js:8
[   48161ms] [ERROR] Coolify could not connect to its real-time service. This will cause unusual problems on the UI if not fixed! Please check the related documentation (https://coolify.io/docs/knowledge-base/cloudflare/tunnels/overview) or get help on Discord (https://coollabs.io/discord).) @ :27
[   50161ms] [ERROR] Coolify could not connect to its real-time service. This will cause unusual problems on the UI if not fixed! Please check the related documentation (https://coolify.io/docs/knowledge-base/cloudflare/tunnels/overview) or get help on Discord (https://coollabs.io/discord).) @ :27
[   52161ms] [ERROR] Coolify could not connect to its real-time service. This will cause unusual problems on the UI if not fixed! Please check the related documentation (https://coolify.io/docs/knowledge-base/cloudflare/tunnels/overview) or get help on Discord (https://coollabs.io/discord).) @ :27
[   54161ms] [ERROR] Coolify could not connect to its real-time service. This will cause unusual problems on the UI if not fixed! Please check the related documentation (https://coolify.io/docs/knowledge-base/cloudflare/tunnels/overview) or get help on Discord (https://coollabs.io/discord).) @ :27
[   56161ms] [ERROR] Coolify could not connect to its real-time service. This will cause unusual problems on the UI if not fixed! Please check the related documentation (https://coolify.io/docs/knowledge-base/cloudflare/tunnels/overview) or get help on Discord (https://coollabs.io/discord).) @ :27
[   58161ms] [ERROR] Coolify could not connect to its real-time service. This will cause unusual problems on the UI if not fixed! Please check the related documentation (https://coolify.io/docs/knowledge-base/cloudflare/tunnels/overview) or get help on Discord (https://coollabs.io/discord).) @ :27
[   60161ms] [ERROR] Coolify could not connect to its real-time service. This will cause unusual problems on the UI if not fixed! Please check the related documentation (https://coolify.io/docs/knowledge-base/cloudflare/tunnels/overview) or get help on Discord (https://coollabs.io/discord).) @ :27
[   62161ms] [ERROR] Coolify could not connect to its real-time service. This will cause unusual problems on the UI if not fixed! Please check the related documentation (https://coolify.io/docs/knowledge-base/cloudflare/tunnels/overview) or get help on Discord (https://coollabs.io/discord).) @ :27
[   64161ms] [ERROR] Coolify could not connect to its real-time service. This will cause unusual problems on the UI if not fixed! Please check the related documentation (https://coolify.io/docs/knowledge-base/cloudflare/tunnels/overview) or get help on Discord (https://coollabs.io/discord).) @ :27
[   66161ms] [ERROR] Coolify could not connect to its real-time service. This will cause unusual problems on the UI if not fixed! Please check the related documentation (https://coolify.io/docs/knowledge-base/cloudflare/tunnels/overview) or get help on Discord (https://coollabs.io/discord).) @ :27
[   68161ms] [ERROR] Coolify could not connect to its real-time service. This will cause unusual problems on the UI if not fixed! Please check the related documentation (https://coolify.io/docs/knowledge-base/cloudflare/tunnels/overview) or get help on Discord (https://coollabs.io/discord).) @ :27
[   70161ms] [ERROR] Coolify could not connect to its real-time service. This will cause unusual problems on the UI if not fixed! Please check the related documentation (https://coolify.io/docs/knowledge-base/cloudflare/tunnels/overview) or get help on Discord (https://coollabs.io/discord).) @ :27
[   72161ms] [ERROR] Coolify could not connect to its real-time service. This will cause unusual problems on the UI if not fixed! Please check the related documentation (https://coolify.io/docs/knowledge-base/cloudflare/tunnels/overview) or get help on Discord (https://coollabs.io/discord).) @ :27
[   74161ms] [ERROR] Coolify could not connect to its real-time service. This will cause unusual problems on the UI if not fixed! Please check the related documentation (https://coolify.io/docs/knowledge-base/cloudflare/tunnels/overview) or get help on Discord (https://coollabs.io/discord).) @ :27
